<?xml version="1.0" encoding="UTF-8"?>
<testsuite xmlns:xsi="http://www.w3.org/2001/XMLSchema-instance" xsi:noNamespaceSchemaLocation="https://maven.apache.org/surefire/maven-surefire-plugin/xsd/surefire-test-report-3.0.xsd" version="3.0" name="jsonIO.AzafataTest" time="2.871" tests="13" errors="0" skipped="0" failures="0">
  <properties>
[...]
</properties>
  <testcase name="testValidacionContrasenaInvalida" classname="jsonIO.AzafataTest" time="2.535">
    <system-out><![CDATA[Conexión exitosa. Colecciones: [pilotos, aerolineas, aviones, clases, vuelos, azafatas, administrativos, boletos, clientes]
]]></system-out>
    <system-err><![CDATA[[main] INFO io.jsondb.JsonDBTemplate - Encryption is not enabled for JSON DB
[main] INFO org.reflections.Reflections - Reflections took 78 ms to scan 1 urls, producing 13 keys and 31 values 
ERROR StatusLogger Log4j2 could not find a logging implementation. Please add log4j-core to the classpath. Using SimpleLogger to log to the console...
]]></system-err>
  </testcase>
  <testcase name="testEliminarAzafataExistente" classname="jsonIO.AzafataTest" time="0.048"/>
  <testcase name="testValidacionCorreoVacio" classname="jsonIO.AzafataTest" time="0.031"/>
  <testcase name="testActualizarAzafataExistente" classname="jsonIO.AzafataTest" time="0.029"/>
  <testcase name="testBuscarAzafataExistente" classname="jsonIO.AzafataTest" time="0.007"/>
  <testcase name="testActualizarAzafataInexistente" classname="jsonIO.AzafataTest" time="0.028"/>
  <testcase name="testEliminarAzafataInexistente" classname="jsonIO.AzafataTest" time="0.004"/>
  <testcase name="testValidacionNumeroIdiomasInvalido" classname="jsonIO.AzafataTest" time="0.024"/>
  <testcase name="testCrearAzafataExitosamente" classname="jsonIO.AzafataTest" time="0.022"/>
  <testcase name="testListarTodasAzafatasSinRegistros" classname="jsonIO.AzafataTest" time="0.005"/>
  <testcase name="testBuscarAzafataInexistente" classname="jsonIO.AzafataTest" time="0.005"/>
  <testcase name="testListarTodasAzafatasConRegistros" classname="jsonIO.AzafataTest" time="0.004"/>
  <testcase name="testCrearAzafataExistente" classname="jsonIO.AzafataTest" time="0.023"/>
</testsuite>