<?xml version="1.0" encoding="UTF-8"?>
<testsuite xmlns:xsi="http://www.w3.org/2001/XMLSchema-instance" xsi:noNamespaceSchemaLocation="https://maven.apache.org/surefire/maven-surefire-plugin/xsd/surefire-test-report-3.0.xsd" version="3.0" name="jsonIO.ClienteTests" time="3.483" tests="11" errors="0" skipped="0" failures="5">
  <properties>
[...]
</properties>
  <testcase name="testCrearClienteValido" classname="jsonIO.ClienteTests" time="3.152">
    <failure message="Unexpected exception thrown: java.lang.IllegalArgumentException: Debe comenzar con mayúscula" type="org.opentest4j.AssertionFailedError"><![CDATA[org.opentest4j.AssertionFailedError: Unexpected exception thrown: java.lang.IllegalArgumentException: Debe comenzar con mayúscula
	at org.junit.jupiter.api.AssertionFailureBuilder.build(AssertionFailureBuilder.java:152)
	at org.junit.jupiter.api.AssertDoesNotThrow.createAssertionFailedError(AssertDoesNotThrow.java:84)
	at org.junit.jupiter.api.AssertDoesNotThrow.assertDoesNotThrow(AssertDoesNotThrow.java:53)
	at org.junit.jupiter.api.AssertDoesNotThrow.assertDoesNotThrow(AssertDoesNotThrow.java:36)
	at org.junit.jupiter.api.Assertions.assertDoesNotThrow(Assertions.java:3164)
	at jsonIO.ClienteTests.testCrearClienteValido(ClienteTests.java:52)
	at java.base/java.lang.reflect.Method.invoke(Method.java:568)
	at java.base/java.util.ArrayList.forEach(ArrayList.java:1511)
	at java.base/java.util.ArrayList.forEach(ArrayList.java:1511)
Caused by: java.lang.IllegalArgumentException: Debe comenzar con mayúscula
	at controladores.ClienteControlador.crear(ClienteControlador.java:29)
	at jsonIO.ClienteTests.lambda$testCrearClienteValido$0(ClienteTests.java:52)
	at org.junit.jupiter.api.AssertDoesNotThrow.assertDoesNotThrow(AssertDoesNotThrow.java:49)
	... 6 more
]]></failure>
    <system-out><![CDATA[Conexión exitosa. Colecciones: [pilotos, aerolineas, aviones, vuelos, clases, azafatas, boletos, administrativos, clientes]
]]></system-out>
    <system-err><![CDATA[[main] INFO io.jsondb.JsonDBTemplate - Encryption is not enabled for JSON DB
[main] INFO org.reflections.Reflections - Reflections took 109 ms to scan 1 urls, producing 13 keys and 31 values 
ERROR StatusLogger Log4j2 could not find a logging implementation. Please add log4j-core to the classpath. Using SimpleLogger to log to the console...
]]></system-err>
  </testcase>
  <testcase name="testActualizarClienteInexistente" classname="jsonIO.ClienteTests" time="0.029">
    <failure message="expected: &lt;No existe cliente con el correo: inexistente@example.com&gt; but was: &lt;La fecha de nacimiento es obligatoria&gt;" type="org.opentest4j.AssertionFailedError"><![CDATA[org.opentest4j.AssertionFailedError: expected: <No existe cliente con el correo: inexistente@example.com> but was: <La fecha de nacimiento es obligatoria>
	at org.junit.jupiter.api.AssertionFailureBuilder.build(AssertionFailureBuilder.java:151)
	at org.junit.jupiter.api.AssertionFailureBuilder.buildAndThrow(AssertionFailureBuilder.java:132)
	at org.junit.jupiter.api.AssertEquals.failNotEqual(AssertEquals.java:197)
	at org.junit.jupiter.api.AssertEquals.assertEquals(AssertEquals.java:182)
	at org.junit.jupiter.api.AssertEquals.assertEquals(AssertEquals.java:177)
	at org.junit.jupiter.api.Assertions.assertEquals(Assertions.java:1141)
	at jsonIO.ClienteTests.testActualizarClienteInexistente(ClienteTests.java:130)
	at java.base/java.lang.reflect.Method.invoke(Method.java:568)
	at java.base/java.util.ArrayList.forEach(ArrayList.java:1511)
	at java.base/java.util.ArrayList.forEach(ArrayList.java:1511)
]]></failure>
  </testcase>
  <testcase name="testEliminarClienteInexistente" classname="jsonIO.ClienteTests" time="0.02"/>
  <testcase name="testBuscarClienteInexistente" classname="jsonIO.ClienteTests" time="0.005"/>
  <testcase name="testNoPermitirCorreosDuplicados" classname="jsonIO.ClienteTests" time="0.021">
    <failure message="expected: &lt;Ya existe un cliente con el correo: juan.perez@example.com&gt; but was: &lt;Debe comenzar con mayúscula&gt;" type="org.opentest4j.AssertionFailedError"><![CDATA[org.opentest4j.AssertionFailedError: expected: <Ya existe un cliente con el correo: juan.perez@example.com> but was: <Debe comenzar con mayúscula>
	at org.junit.jupiter.api.AssertionFailureBuilder.build(AssertionFailureBuilder.java:151)
	at org.junit.jupiter.api.AssertionFailureBuilder.buildAndThrow(AssertionFailureBuilder.java:132)
	at org.junit.jupiter.api.AssertEquals.failNotEqual(AssertEquals.java:197)
	at org.junit.jupiter.api.AssertEquals.assertEquals(AssertEquals.java:182)
	at org.junit.jupiter.api.AssertEquals.assertEquals(AssertEquals.java:177)
	at org.junit.jupiter.api.Assertions.assertEquals(Assertions.java:1141)
	at jsonIO.ClienteTests.testNoPermitirCorreosDuplicados(ClienteTests.java:63)
	at java.base/java.lang.reflect.Method.invoke(Method.java:568)
	at java.base/java.util.ArrayList.forEach(ArrayList.java:1511)
	at java.base/java.util.ArrayList.forEach(ArrayList.java:1511)
]]></failure>
  </testcase>
  <testcase name="testEliminarClienteExistente" classname="jsonIO.ClienteTests" time="0.006"/>
  <testcase name="testListarTodosClientesSinRegistros" classname="jsonIO.ClienteTests" time="0.004"/>
  <testcase name="testListarTodosClientesConRegistros" classname="jsonIO.ClienteTests" time="0.007"/>
  <testcase name="testActualizarClienteExistente" classname="jsonIO.ClienteTests" time="0.038">
    <failure message="Unexpected exception thrown: java.lang.IllegalArgumentException: Debe comenzar con mayúscula" type="org.opentest4j.AssertionFailedError"><![CDATA[org.opentest4j.AssertionFailedError: Unexpected exception thrown: java.lang.IllegalArgumentException: Debe comenzar con mayúscula
	at org.junit.jupiter.api.AssertionFailureBuilder.build(AssertionFailureBuilder.java:152)
	at org.junit.jupiter.api.AssertDoesNotThrow.createAssertionFailedError(AssertDoesNotThrow.java:84)
	at org.junit.jupiter.api.AssertDoesNotThrow.assertDoesNotThrow(AssertDoesNotThrow.java:53)
	at org.junit.jupiter.api.AssertDoesNotThrow.assertDoesNotThrow(AssertDoesNotThrow.java:36)
	at org.junit.jupiter.api.Assertions.assertDoesNotThrow(Assertions.java:3164)
	at jsonIO.ClienteTests.testActualizarClienteExistente(ClienteTests.java:116)
	at java.base/java.lang.reflect.Method.invoke(Method.java:568)
	at java.base/java.util.ArrayList.forEach(ArrayList.java:1511)
	at java.base/java.util.ArrayList.forEach(ArrayList.java:1511)
Caused by: java.lang.IllegalArgumentException: Debe comenzar con mayúscula
	at controladores.ClienteControlador.actualizar(ClienteControlador.java:64)
	at jsonIO.ClienteTests.lambda$testActualizarClienteExistente$4(ClienteTests.java:116)
	at org.junit.jupiter.api.AssertDoesNotThrow.assertDoesNotThrow(AssertDoesNotThrow.java:49)
	... 6 more
]]></failure>
  </testcase>
  <testcase name="testBuscarClienteExistente" classname="jsonIO.ClienteTests" time="0.004"/>
  <testcase name="testValidacionesAlCrearCliente" classname="jsonIO.ClienteTests" time="0.04">
    <failure message="expected: &lt;true&gt; but was: &lt;false&gt;" type="org.opentest4j.AssertionFailedError"><![CDATA[org.opentest4j.AssertionFailedError: expected: <true> but was: <false>
	at org.junit.jupiter.api.AssertionFailureBuilder.build(AssertionFailureBuilder.java:151)
	at org.junit.jupiter.api.AssertionFailureBuilder.buildAndThrow(AssertionFailureBuilder.java:132)
	at org.junit.jupiter.api.AssertTrue.failNotTrue(AssertTrue.java:63)
	at org.junit.jupiter.api.AssertTrue.assertTrue(AssertTrue.java:36)
	at org.junit.jupiter.api.AssertTrue.assertTrue(AssertTrue.java:31)
	at org.junit.jupiter.api.Assertions.assertTrue(Assertions.java:179)
	at jsonIO.ClienteTests.testValidacionesAlCrearCliente(ClienteTests.java:177)
	at java.base/java.lang.reflect.Method.invoke(Method.java:568)
	at java.base/java.util.ArrayList.forEach(ArrayList.java:1511)
	at java.base/java.util.ArrayList.forEach(ArrayList.java:1511)
]]></failure>
  </testcase>
</testsuite>