<?xml version="1.0" encoding="UTF-8"?>
<testsuite xmlns:xsi="http://www.w3.org/2001/XMLSchema-instance" xsi:noNamespaceSchemaLocation="https://maven.apache.org/surefire/maven-surefire-plugin/xsd/surefire-test-report-3.0.xsd" version="3.0" name="jsonIO.AerolineaTests" time="0.301" tests="1" errors="0" skipped="0" failures="0">
  <properties>
[...]
</properties>
  <testcase name="testNoPermitirNombresDuplicados" classname="jsonIO.AerolineaTests" time="0.289">
    <system-out><![CDATA[Conexión exitosa. Colecciones: [pilotos, aerolineas, aviones, clases, vuelos, azafatas, empleados, clientes, administrativos, boletos]
]]></system-out>
    <system-err><![CDATA[[main] INFO io.jsondb.JsonDBTemplate - Encryption is not enabled for JSON DB
[main] INFO org.reflections.Reflections - Reflections took 13 ms to scan 1 urls, producing 2 keys and 19 values 
Apr 17, 2025 12:22:17 PM org.hibernate.validator.internal.util.Version <clinit>
INFO: HV000001: Hibernate Validator 8.0.1.Final
]]></system-err>
  </testcase>
</testsuite>