<?xml version="1.0" encoding="UTF-8"?>
<testsuite xmlns:xsi="http://www.w3.org/2001/XMLSchema-instance" xsi:noNamespaceSchemaLocation="https://maven.apache.org/surefire/maven-surefire-plugin/xsd/surefire-test-report-3.0.xsd" version="3.0" name="jsonIO.PilotoTest" time="1.947" tests="11" errors="0" skipped="0" failures="3">
  <properties>
[...]
</properties>
  <testcase name="testBuscarPilotoInexistente" classname="jsonIO.PilotoTest" time="1.311">
    <system-out><![CDATA[Conexión exitosa. Colecciones: [pilotos, aerolineas, aviones, clases, vuelos, azafatas, clientes, administrativos, boletos]
]]></system-out>
    <system-err><![CDATA[[main] INFO io.jsondb.JsonDBTemplate - Encryption is not enabled for JSON DB
[main] INFO org.reflections.Reflections - Reflections took 64 ms to scan 1 urls, producing 13 keys and 31 values 
]]></system-err>
  </testcase>
  <testcase name="testNoPermitirCorreosDuplicados" classname="jsonIO.PilotoTest" time="0.436">
    <system-err><![CDATA[ERROR StatusLogger Log4j2 could not find a logging implementation. Please add log4j-core to the classpath. Using SimpleLogger to log to the console...
]]></system-err>
  </testcase>
  <testcase name="testActualizarPilotoInexistente" classname="jsonIO.PilotoTest" time="0.033">
    <failure message="expected: &lt;No existe piloto con el correo: inexistente@aerolinea.com&gt; but was: &lt;La contraseña no puede estar vacía&gt;" type="org.opentest4j.AssertionFailedError"><![CDATA[org.opentest4j.AssertionFailedError: expected: <No existe piloto con el correo: inexistente@aerolinea.com> but was: <La contraseña no puede estar vacía>
	at org.junit.jupiter.api.AssertionFailureBuilder.build(AssertionFailureBuilder.java:151)
	at org.junit.jupiter.api.AssertionFailureBuilder.buildAndThrow(AssertionFailureBuilder.java:132)
	at org.junit.jupiter.api.AssertEquals.failNotEqual(AssertEquals.java:197)
	at org.junit.jupiter.api.AssertEquals.assertEquals(AssertEquals.java:182)
	at org.junit.jupiter.api.AssertEquals.assertEquals(AssertEquals.java:177)
	at org.junit.jupiter.api.Assertions.assertEquals(Assertions.java:1141)
	at jsonIO.PilotoTest.testActualizarPilotoInexistente(PilotoTest.java:138)
	at java.base/java.lang.reflect.Method.invoke(Method.java:568)
	at java.base/java.util.ArrayList.forEach(ArrayList.java:1511)
	at java.base/java.util.ArrayList.forEach(ArrayList.java:1511)
]]></failure>
  </testcase>
  <testcase name="testCrearPilotoValido" classname="jsonIO.PilotoTest" time="0.019"/>
  <testcase name="testEliminarPilotoExistente" classname="jsonIO.PilotoTest" time="0.005"/>
  <testcase name="testValidacionesAlCrearPiloto" classname="jsonIO.PilotoTest" time="0.02">
    <failure message="expected: &lt;true&gt; but was: &lt;false&gt;" type="org.opentest4j.AssertionFailedError"><![CDATA[org.opentest4j.AssertionFailedError: expected: <true> but was: <false>
	at org.junit.jupiter.api.AssertionFailureBuilder.build(AssertionFailureBuilder.java:151)
	at org.junit.jupiter.api.AssertionFailureBuilder.buildAndThrow(AssertionFailureBuilder.java:132)
	at org.junit.jupiter.api.AssertTrue.failNotTrue(AssertTrue.java:63)
	at org.junit.jupiter.api.AssertTrue.assertTrue(AssertTrue.java:36)
	at org.junit.jupiter.api.AssertTrue.assertTrue(AssertTrue.java:31)
	at org.junit.jupiter.api.Assertions.assertTrue(Assertions.java:179)
	at jsonIO.PilotoTest.testValidacionesAlCrearPiloto(PilotoTest.java:180)
	at java.base/java.lang.reflect.Method.invoke(Method.java:568)
	at java.base/java.util.ArrayList.forEach(ArrayList.java:1511)
	at java.base/java.util.ArrayList.forEach(ArrayList.java:1511)
]]></failure>
  </testcase>
  <testcase name="testActualizarPilotoExistente" classname="jsonIO.PilotoTest" time="0.019">
    <failure message="Unexpected exception thrown: java.lang.IllegalArgumentException: Tipo de licencia no válido (ATP, CPL o PPL)" type="org.opentest4j.AssertionFailedError"><![CDATA[org.opentest4j.AssertionFailedError: Unexpected exception thrown: java.lang.IllegalArgumentException: Tipo de licencia no válido (ATP, CPL o PPL)
	at org.junit.jupiter.api.AssertionFailureBuilder.build(AssertionFailureBuilder.java:152)
	at org.junit.jupiter.api.AssertDoesNotThrow.createAssertionFailedError(AssertDoesNotThrow.java:84)
	at org.junit.jupiter.api.AssertDoesNotThrow.assertDoesNotThrow(AssertDoesNotThrow.java:53)
	at org.junit.jupiter.api.AssertDoesNotThrow.assertDoesNotThrow(AssertDoesNotThrow.java:36)
	at org.junit.jupiter.api.Assertions.assertDoesNotThrow(Assertions.java:3164)
	at jsonIO.PilotoTest.testActualizarPilotoExistente(PilotoTest.java:124)
	at java.base/java.lang.reflect.Method.invoke(Method.java:568)
	at java.base/java.util.ArrayList.forEach(ArrayList.java:1511)
	at java.base/java.util.ArrayList.forEach(ArrayList.java:1511)
Caused by: java.lang.IllegalArgumentException: Tipo de licencia no válido (ATP, CPL o PPL)
	at controladores.PilotoControlador.actualizar(PilotoControlador.java:71)
	at jsonIO.PilotoTest.lambda$testActualizarPilotoExistente$4(PilotoTest.java:124)
	at org.junit.jupiter.api.AssertDoesNotThrow.assertDoesNotThrow(AssertDoesNotThrow.java:49)
	... 6 more
]]></failure>
  </testcase>
  <testcase name="testEliminarPilotoInexistente" classname="jsonIO.PilotoTest" time="0.006"/>
  <testcase name="testListarTodosPilotosSinRegistros" classname="jsonIO.PilotoTest" time="0.003"/>
  <testcase name="testListarTodosPilotosConRegistros" classname="jsonIO.PilotoTest" time="0.003"/>
  <testcase name="testBuscarPilotoExistente" classname="jsonIO.PilotoTest" time="0.005"/>
</testsuite>