<?xml version="1.0" encoding="UTF-8"?>
<testsuite xmlns:xsi="http://www.w3.org/2001/XMLSchema-instance" xsi:noNamespaceSchemaLocation="https://maven.apache.org/surefire/maven-surefire-plugin/xsd/surefire-test-report-3.0.xsd" version="3.0" name="jsonIO.ClienteTests" time="0.08" tests="13" errors="0" skipped="0" failures="1">
  <properties>
[...]
</properties>
  <testcase name="testCrearClienteValido" classname="jsonIO.ClienteTests" time="0.023"/>
  <testcase name="testActualizarClienteInexistente" classname="jsonIO.ClienteTests" time="0.007"/>
  <testcase name="testCrearClienteExistente" classname="jsonIO.ClienteTests" time="0.004"/>
  <testcase name="testEliminarClienteInexistente" classname="jsonIO.ClienteTests" time="0.001"/>
  <testcase name="testBuscarClienteInexistente" classname="jsonIO.ClienteTests" time="0.002"/>
  <testcase name="testValidacionCorreo" classname="jsonIO.ClienteTests" time="0.004"/>
  <testcase name="testTelefonoInvalido" classname="jsonIO.ClienteTests" time="0.007">
    <failure message="Expected java.lang.IllegalArgumentException to be thrown, but nothing was thrown." type="org.opentest4j.AssertionFailedError"><![CDATA[org.opentest4j.AssertionFailedError: Expected java.lang.IllegalArgumentException to be thrown, but nothing was thrown.
	at org.junit.jupiter.api.AssertionFailureBuilder.build(AssertionFailureBuilder.java:152)
	at org.junit.jupiter.api.AssertThrows.assertThrows(AssertThrows.java:73)
	at org.junit.jupiter.api.AssertThrows.assertThrows(AssertThrows.java:35)
	at org.junit.jupiter.api.Assertions.assertThrows(Assertions.java:3111)
	at jsonIO.ClienteTests.testTelefonoInvalido(ClienteTests.java:154)
	at java.base/java.lang.reflect.Method.invoke(Method.java:569)
	at java.base/java.util.ArrayList.forEach(ArrayList.java:1511)
	at java.base/java.util.ArrayList.forEach(ArrayList.java:1511)
]]></failure>
  </testcase>
  <testcase name="testEliminarClienteExistente" classname="jsonIO.ClienteTests" time="0.001"/>
  <testcase name="testListarTodosClientesSinRegistros" classname="jsonIO.ClienteTests" time="0.001"/>
  <testcase name="testListarTodosClientesConRegistros" classname="jsonIO.ClienteTests" time="0.001"/>
  <testcase name="testActualizarClienteExistente" classname="jsonIO.ClienteTests" time="0.005"/>
  <testcase name="testPasaportesInvalidos" classname="jsonIO.ClienteTests" time="0.014"/>
  <testcase name="testBuscarClienteExistente" classname="jsonIO.ClienteTests" time="0.001"/>
</testsuite>