<?xml version="1.0" encoding="UTF-8"?>
<testsuite xmlns:xsi="http://www.w3.org/2001/XMLSchema-instance" xsi:noNamespaceSchemaLocation="https://maven.apache.org/surefire/maven-surefire-plugin/xsd/surefire-test-report-3.0.xsd" version="3.0" name="jsonIO.AdministrativoTest" time="1.099" tests="13" errors="0" skipped="0" failures="0">
  <properties>
[...]
</properties>
  <testcase name="testEliminarAdministrativoInexistente" classname="jsonIO.AdministrativoTest" time="0.716">
    <system-out><![CDATA[Conexión exitosa. Colecciones: [pilotos, aerolineas, aviones, clases, vuelos, azafatas, boletos, administrativos, clientes]
]]></system-out>
    <system-err><![CDATA[[main] INFO io.jsondb.JsonDBTemplate - Encryption is not enabled for JSON DB
[main] INFO org.reflections.Reflections - Reflections took 45 ms to scan 1 urls, producing 13 keys and 32 values 
]]></system-err>
  </testcase>
  <testcase name="testBuscarAdministrativoExistente" classname="jsonIO.AdministrativoTest" time="0.002"/>
  <testcase name="testBuscarAdministrativoInexistente" classname="jsonIO.AdministrativoTest" time="0.003"/>
  <testcase name="testValidacionContrasenaInvalida" classname="jsonIO.AdministrativoTest" time="0.277">
    <system-err><![CDATA[ERROR StatusLogger Log4j2 could not find a logging implementation. Please add log4j-core to the classpath. Using SimpleLogger to log to the console...
]]></system-err>
  </testcase>
  <testcase name="testEliminarAdministrativoExistente" classname="jsonIO.AdministrativoTest" time="0.007"/>
  <testcase name="testActualizarAdministrativoExistente" classname="jsonIO.AdministrativoTest" time="0.011"/>
  <testcase name="testValidacionAnosExperienciaNegativo" classname="jsonIO.AdministrativoTest" time="0.011"/>
  <testcase name="testValidacionCorreoVacio" classname="jsonIO.AdministrativoTest" time="0.01"/>
  <testcase name="testActualizarAdministrativoInexistente" classname="jsonIO.AdministrativoTest" time="0.01"/>
  <testcase name="testCrearAdministrativoExitosamente" classname="jsonIO.AdministrativoTest" time="0.01"/>
  <testcase name="testCrearAdministrativoExistente" classname="jsonIO.AdministrativoTest" time="0.009"/>
  <testcase name="testListarTodosAdministrativosSinRegistros" classname="jsonIO.AdministrativoTest" time="0.002"/>
  <testcase name="testListarTodosAdministrativosConRegistros" classname="jsonIO.AdministrativoTest" time="0.002"/>
</testsuite>